<?xml version="1.0" encoding="UTF-8"?>
<testng-results skipped="0" failed="0" ignored="0" total="1" passed="1">
  <reporter-output>
  </reporter-output>
  <suite name="Suite" duration-ms="26543" started-at="2019-11-14T13:32:19 IST" finished-at="2019-11-14T13:32:46 IST">
    <groups>
    </groups>
    <test name="Test" duration-ms="26543" started-at="2019-11-14T13:32:19 IST" finished-at="2019-11-14T13:32:46 IST">
      <class name="abc.Test123">
        <test-method status="PASS" signature="test1()[pri:0, instance:abc.Test123@bf9759]" name="test1" duration-ms="26457" started-at="2019-11-14T13:32:19 IST" finished-at="2019-11-14T13:32:46 IST">
          <reporter-output>
          </reporter-output>
        </test-method> <!-- test1 -->
      </class> <!-- abc.Test123 -->
    </test> <!-- Test -->
  </suite> <!-- Suite -->
</testng-results>
